Picked up JAVA_TOOL_OPTIONS: -Dstdout.encoding=UTF-8 -Dstderr.encoding=UTF-8
[INFO] Scanning for projects...
[INFO] ------------------------------------------------------------------------
[INFO] Reactor Build Order:
[INFO] 
[INFO] LeadBridge                                                         [pom]
[INFO] leadbridge-common                                                  [jar]
[INFO] leadbridge-lead-service                                            [jar]
[INFO] 
[INFO] ------------------< com.leadbridge:leadbridge-parent >------------------
[INFO] Building LeadBridge 0.0.1-SNAPSHOT                                 [1/3]
[INFO]   from pom.xml
[INFO] --------------------------------[ pom ]---------------------------------
[INFO] 
[INFO] --- clean:3.3.2:clean (default-clean) @ leadbridge-parent ---
[INFO] 
[INFO] ------------------< com.leadbridge:leadbridge-common >------------------
[INFO] Building leadbridge-common 0.0.1-SNAPSHOT                          [2/3]
[INFO]   from leadbridge-common\pom.xml
[INFO] --------------------------------[ jar ]---------------------------------
[INFO] 
[INFO] --- clean:3.3.2:clean (default-clean) @ leadbridge-common ---
[INFO] Deleting C:\Users\Yash\OneDrive - Motivity Labs\Desktop\LeadBridge\backend\leadbridge-common\target
[INFO] 
[INFO] --- resources:3.3.1:resources (default-resources) @ leadbridge-common ---
[INFO] skip non existing resourceDirectory C:\Users\Yash\OneDrive - Motivity Labs\Desktop\LeadBridge\backend\leadbridge-common\src\main\resources
[INFO] skip non existing resourceDirectory C:\Users\Yash\OneDrive - Motivity Labs\Desktop\LeadBridge\backend\leadbridge-common\src\main\resources
[INFO] 
[INFO] --- compiler:3.11.0:compile (default-compile) @ leadbridge-common ---
[INFO] Changes detected - recompiling the module! :source
[INFO] Compiling 6 source files with javac [debug release 17] to target\classes
[WARNING] The following options were not recognized by any processor: '[mapstruct.defaultComponentModel]'
[INFO] 
[INFO] --- resources:3.3.1:testResources (default-testResources) @ leadbridge-common ---
[INFO] skip non existing resourceDirectory C:\Users\Yash\OneDrive - Motivity Labs\Desktop\LeadBridge\backend\leadbridge-common\src\test\resources
[INFO] 
[INFO] --- compiler:3.11.0:testCompile (default-testCompile) @ leadbridge-common ---
[INFO] No sources to compile
[INFO] 
[INFO] --- surefire:3.1.2:test (default-test) @ leadbridge-common ---
[INFO] Tests are skipped.
[INFO] 
[INFO] --- jar:3.3.0:jar (default-jar) @ leadbridge-common ---
[INFO] Building jar: C:\Users\Yash\OneDrive - Motivity Labs\Desktop\LeadBridge\backend\leadbridge-common\target\leadbridge-common-0.0.1-SNAPSHOT.jar
[INFO] 
[INFO] ---------------< com.leadbridge:leadbridge-lead-service >---------------
[INFO] Building leadbridge-lead-service 0.0.1-SNAPSHOT                    [3/3]
[INFO]   from leadbridge-lead-service\pom.xml
[INFO] --------------------------------[ jar ]---------------------------------
[INFO] 
[INFO] --- clean:3.3.2:clean (default-clean) @ leadbridge-lead-service ---
[INFO] Deleting C:\Users\Yash\OneDrive - Motivity Labs\Desktop\LeadBridge\backend\leadbridge-lead-service\target
[INFO] 
[INFO] --- resources:3.3.1:resources (default-resources) @ leadbridge-lead-service ---
[INFO] Copying 1 resource from src\main\resources to target\classes
[INFO] Copying 2 resources from src\main\resources to target\classes
[INFO] 
[INFO] --- compiler:3.11.0:compile (default-compile) @ leadbridge-lead-service ---
[INFO] Changes detected - recompiling the module! :dependency
[INFO] Compiling 11 source files with javac [debug release 17] to target\classes
[INFO] /C:/Users/Yash/OneDrive - Motivity Labs/Desktop/LeadBridge/backend/leadbridge-lead-service/src/main/java/com/leadbridge/lead/config/SecurityConfig.java: C:\Users\Yash\OneDrive - Motivity Labs\Desktop\LeadBridge\backend\leadbridge-lead-service\src\main\java\com\leadbridge\lead\config\SecurityConfig.java uses unchecked or unsafe operations.
[INFO] /C:/Users/Yash/OneDrive - Motivity Labs/Desktop/LeadBridge/backend/leadbridge-lead-service/src/main/java/com/leadbridge/lead/config/SecurityConfig.java: Recompile with -Xlint:unchecked for details.
[INFO] Some messages have been simplified; recompile with -Xdiags:verbose to get full output
[INFO] -------------------------------------------------------------
[WARNING] COMPILATION WARNING : 
[INFO] -------------------------------------------------------------
[WARNING] /C:/Users/Yash/OneDrive - Motivity Labs/Desktop/LeadBridge/backend/leadbridge-lead-service/src/main/java/com/leadbridge/lead/mapper/LeadMapper.java:[10,10] Unmapped target properties: "id, tenantId, createdAt, updatedAt".
[INFO] 1 warning
[INFO] -------------------------------------------------------------
[INFO] -------------------------------------------------------------
[ERROR] COMPILATION ERROR : 
[INFO] -------------------------------------------------------------
[ERROR] /C:/Users/Yash/OneDrive - Motivity Labs/Desktop/LeadBridge/backend/leadbridge-lead-service/src/main/java/com/leadbridge/lead/security/JwtTenantFilter.java:[52,38] incompatible types: no instance(s) of type variable(s) T exist so that java.util.List<T> conforms to capture#1 of ?
[INFO] 1 error
[INFO] -------------------------------------------------------------
[INFO] ------------------------------------------------------------------------
[INFO] Reactor Summary for LeadBridge 0.0.1-SNAPSHOT:
[INFO] 
[INFO] LeadBridge ......................................... SUCCESS [  0.804 s]
[INFO] leadbridge-common .................................. SUCCESS [ 10.260 s]
[INFO] leadbridge-lead-service ............................ FAILURE [ 16.203 s]
[INFO] ------------------------------------------------------------------------
[INFO] BUILD FAILURE
[INFO] ------------------------------------------------------------------------
[INFO] Total time:  29.198 s
[INFO] Finished at: 2026-03-30T00:04:31+05:30
[INFO] ------------------------------------------------------------------------
[ERROR] Failed to execute goal org.apache.maven.plugins:maven-compiler-plugin:3.11.0:compile (default-compile) on project leadbridge-lead-service: Compilation failure
[ERROR] /C:/Users/Yash/OneDrive - Motivity Labs/Desktop/LeadBridge/backend/leadbridge-lead-service/src/main/java/com/leadbridge/lead/security/JwtTenantFilter.java:[52,38] incompatible types: no instance(s) of type variable(s) T exist so that java.util.List<T> conforms to capture#1 of ?
[ERROR] -> [Help 1]
[ERROR] 
[ERROR] To see the full stack trace of the errors, re-run Maven with the -e switch.
[ERROR] Re-run Maven using the -X switch to enable full debug logging.
[ERROR] 
[ERROR] For more information about the errors and possible solutions, please read the following articles:
[ERROR] [Help 1] http://cwiki.apache.org/confluence/display/MAVEN/MojoFailureException
[ERROR] 
[ERROR] After correcting the problems, you can resume the build with the command
[ERROR]   mvn <args> -rf :leadbridge-lead-service
